<?xml version="1.0" encoding="UTF-8"?>
<!-- Generated by org.testng.reporters.JUnitReportReporter -->
<testsuite hostname="Jasons-MacBook-Pro.local" failures="0" tests="2" name="cucumber.feature.TestNGTestRunner" time="39.256" errors="0" timestamp="2024-08-11T20:46:05 MYT" skipped="0">
  <testcase classname="cucumber.feature.TestNGTestRunner" name="runScenario" time="16.061"/>
  <testcase classname="cucumber.feature.TestNGTestRunner" name="runScenario" time="23.195"/>
</testsuite> <!-- cucumber.feature.TestNGTestRunner -->
