<?xml version="1.0" encoding="UTF-8"?>
<!-- Generated by org.testng.reporters.JUnitReportReporter -->
<testsuite hostname="Jasons-MacBook-Pro.local" failures="0" tests="3" name="e2e.FullTest" time="34.390" errors="0" timestamp="2024-08-10T21:30:59 MYT" skipped="1">
  <testcase classname="e2e.FullTest" name="submitOrder01" time="12.096"/>
  <testcase classname="e2e.FullTest" name="submitOrder01" time="22.294"/>
  <testcase classname="e2e.FullTest" name="orderHistoryTest">
    <skipped/>
  </testcase> <!-- orderHistoryTest -->
</testsuite> <!-- e2e.FullTest -->
