<?xml version="1.0" encoding="UTF-8"?>
<!-- Generated by org.testng.reporters.JUnitReportReporter -->
<testsuite hostname="Jasons-MacBook-Pro.local" failures="0" tests="2" name="cucumber.feature.TestNGTestRunner" time="34.961" errors="0" timestamp="2024-08-11T20:57:18 MYT" skipped="0">
  <testcase classname="cucumber.feature.TestNGTestRunner" name="runScenario" time="18.905"/>
  <testcase classname="cucumber.feature.TestNGTestRunner" name="runScenario" time="16.056"/>
</testsuite> <!-- cucumber.feature.TestNGTestRunner -->
