<?xml version="1.0" encoding="UTF-8"?>
<!-- Generated by org.testng.reporters.JUnitReportReporter -->
<testsuite hostname="Jasons-MacBook-Pro.local" failures="0" tests="3" name="e2e.FullTest" time="67.121" errors="0" timestamp="2024-08-18T18:25:46 MYT" skipped="1">
  <testcase classname="e2e.FullTest" name="submitOrder01" time="42.139"/>
  <testcase classname="e2e.FullTest" name="submitOrder01" time="24.982"/>
  <testcase classname="e2e.FullTest" name="orderHistoryTest">
    <skipped/>
  </testcase> <!-- orderHistoryTest -->
</testsuite> <!-- e2e.FullTest -->
